<?xml version="1.0" encoding="UTF-8"?>
<testsuite name="com.hotelreservation.HotelResevationTest" tests="1" skipped="0" failures="0" errors="0" timestamp="2021-04-15T06:49:59" hostname="DESKTOP-9TKB724" time="0.119">
  <properties/>
  <testcase name="givenWeekDayAndWeekendRatesForHotelsWhenAddedShouldReturn_TRUE()" classname="com.hotelreservation.HotelResevationTest" time="0.119"/>
  <system-out><![CDATA[]]></system-out>
  <system-err><![CDATA[]]></system-err>
</testsuite>
